[debug] [2025-10-19T10:12:13.437Z] ----------------------------------------------------------------------
[debug] [2025-10-19T10:12:13.450Z] Command:       /nix/store/ixbb20farqh1f4fqbmsn6b1ixn8mc8ij-nodejs-20.18.1/bin/node /home/user/.global_modules/bin/firebase init hosting
[debug] [2025-10-19T10:12:13.451Z] CLI Version:   14.19.1
[debug] [2025-10-19T10:12:13.453Z] Platform:      linux
[debug] [2025-10-19T10:12:13.454Z] Node Version:  v20.18.1
[debug] [2025-10-19T10:12:13.454Z] Time:          Sun Oct 19 2025 10:12:13 GMT+0000 (Coordinated Universal Time)
[debug] [2025-10-19T10:12:13.454Z] ----------------------------------------------------------------------
[debug] 
[debug] [2025-10-19T10:12:16.975Z] Checked if tokens are valid: true, expires at: 1760872045402
[debug] [2025-10-19T10:12:16.982Z] Checked if tokens are valid: true, expires at: 1760872045402
[debug] [2025-10-19T10:12:17.014Z] >>> [apiv2][query] GET https://monospace-pa.googleapis.com/v1/workspaces/entrestate-46617573 [none]
[debug] [2025-10-19T10:12:18.568Z] <<< [apiv2][status] GET https://monospace-pa.googleapis.com/v1/workspaces/entrestate-46617573 200
[debug] [2025-10-19T10:12:18.576Z] <<< [apiv2][body] GET https://monospace-pa.googleapis.com/v1/workspaces/entrestate-46617573 {"workspaceId":"entrestate-46617573","name":"Entrestate","workspaceRedirectUrl":"firebase-entrestate-1760532393842.cluster-utvmpwb6ojhlcsay7va6s7qkck.cloudworkstations.dev","status":"WORKSPACE_STATUS_RUNNING","lastAccessDatetime":"2025-10-19T10:05:54.355628Z","workspaceTemplate":"WORKSPACE_TEMPLATE_BLANK_WEB","owner":"SELF","serviceAccountEmail":"msp-8945103907050689997@monospace-per-ws-sa-10.iam.gserviceaccount.com","enableNix":true,"ownerEmail":"ezz@entrestate.com","workspaceImageUrl":"https://www.gstatic.com/monospace/250314/workspace-blank-192.png","templateArgs":"{}","templateRepoUrl":"file:///usr/local/monospace/templates/public/blank-nix","workstationAccessToken":"eyJhbGciOiJSUzI1NiIsInR5cCI6IkpXVCJ9.eyJpc3MiOiJodHRwczovL2Nsb3VkLmdvb2dsZS5jb20vd29ya3N0YXRpb25zIiwiYXVkIjoiZmlyZWJhc2UtZW50cmVzdGF0ZS0xNzYwNTMyMzkzODQyLmNsdXN0ZXItdXR2bXB3YjZvamhsY3NheTd2YTZzN3FrY2suY2xvdWR3b3Jrc3RhdGlvbnMuZGV2IiwiaWF0IjoxNzYwODY4NzM4LCJleHAiOjE3NjA5NTUxMzh9.YQ0_oOy5gAKqg6Z8eDTD3zWTZ9OyYb3Kp0c5yNrvmoSP-zUM_R52U0NNu7fJwL7uU2FvBXWPXh32LkeH37j1LivIN4J5a5-Id1AM_92EWA1Nf5udWx1NEAS3N1lJfTFlztV30F7_6LHxVxl7D6Q6h7ZmzY4krBDP0WLqNnEPXs7vwB6J5CIEJL6CMwz-qdkmLTp-WbkmhT7cwmfhzUJ1ofc-E4SRKVFasr_45Hb73IwI2l6FPhYfQB72trQj_7eH4_8DMlEENemjxDbqutPsAnUDVW3qZpAVmMTAg3jkJ8JeevzOyQNuWReyC7YzUMmBaXa6qQiA3j0XH5YFqj06-A","firebaseProjectId":"entrestate-ecosystem"}
[info] 
     ######## #### ########  ######## ########     ###     ######  ########
     ##        ##  ##     ## ##       ##     ##  ##   ##  ##       ##
     ######    ##  ########  ######   ########  #########  ######  ######
     ##        ##  ##    ##  ##       ##     ## ##     ##       ## ##
     ##       #### ##     ## ######## ########  ##     ##  ######  ########

You're about to initialize a Firebase project in this directory:

  /home/user/entrestate

Before we get started, keep in mind:

  * You are initializing within an existing Firebase project directory

[info] 
=== Project Setup
[info] 
[info] First, let's associate this project directory with a Firebase project.
[info] You can create multiple project aliases by running firebase use --add, 
[info] 
[debug] [2025-10-19T10:12:18.590Z] > command requires scopes: ["email","openid","https://www.googleapis.com/auth/cloudplatformprojects.readonly","https://www.googleapis.com/auth/firebase","https://www.googleapis.com/auth/cloud-platform","https://www.googleapis.com/auth/userinfo.email"]
[debug] [2025-10-19T10:12:18.591Z] > authorizing via signed-in user (ezz@entrestate.com)
[debug] [2025-10-19T10:12:18.592Z] Checked if tokens are valid: true, expires at: 1760872045402
[debug] [2025-10-19T10:12:18.592Z] Checked if tokens are valid: true, expires at: 1760872045402
[debug] [2025-10-19T10:12:18.592Z] >>> [apiv2][query] GET https://firebase.googleapis.com/v1beta1/projects/entrestate-ecosystem [none]
[debug] [2025-10-19T10:12:18.917Z] <<< [apiv2][status] GET https://firebase.googleapis.com/v1beta1/projects/entrestate-ecosystem 200
[debug] [2025-10-19T10:12:18.919Z] <<< [apiv2][body] GET https://firebase.googleapis.com/v1beta1/projects/entrestate-ecosystem {"projectId":"entrestate-ecosystem","projectNumber":"180754566225","displayName":"entrestate-ecosystem","name":"projects/entrestate-ecosystem","resources":{"hostingSite":"entrestate-ecosystem","realtimeDatabaseInstance":"entrestate-ecosystem-default-rtdb"},"state":"ACTIVE","etag":"1_4e1035da-99e2-43c3-9245-7d9bf1116ab3"}
[info] i  Using project entrestate-ecosystem (entrestate-ecosystem) . 
[info] 
=== Hosting Setup
[debug] [2025-10-19T10:12:18.988Z] Checked if tokens are valid: true, expires at: 1760872045402
[debug] [2025-10-19T10:12:18.989Z] Checked if tokens are valid: true, expires at: 1760872045402
[debug] [2025-10-19T10:12:18.989Z] >>> [apiv2][query] GET https://firebase.googleapis.com/v1beta1/projects/entrestate-ecosystem [none]
[debug] [2025-10-19T10:12:19.301Z] <<< [apiv2][status] GET https://firebase.googleapis.com/v1beta1/projects/entrestate-ecosystem 200
[debug] [2025-10-19T10:12:19.303Z] <<< [apiv2][body] GET https://firebase.googleapis.com/v1beta1/projects/entrestate-ecosystem {"projectId":"entrestate-ecosystem","projectNumber":"180754566225","displayName":"entrestate-ecosystem","name":"projects/entrestate-ecosystem","resources":{"hostingSite":"entrestate-ecosystem","realtimeDatabaseInstance":"entrestate-ecosystem-default-rtdb"},"state":"ACTIVE","etag":"1_4e1035da-99e2-43c3-9245-7d9bf1116ab3"}
[error] Failed to fetch Firebase Project from Studio Workspace because WORKSPACE_SLUG environment variable is empty
[error] Failed to fetch Firebase Project from Studio Workspace because WORKSPACE_SLUG environment variable is empty
[debug] [2025-10-19T10:19:18.916Z] Checked if tokens are valid: true, expires at: 1760872045402
[debug] [2025-10-19T10:19:18.916Z] Checked if tokens are valid: true, expires at: 1760872045402
[debug] [2025-10-19T10:19:18.917Z] Checked if tokens are valid: true, expires at: 1760872045402
[debug] [2025-10-19T10:19:18.917Z] Checked if tokens are valid: true, expires at: 1760872045402
[debug] [2025-10-19T10:19:18.918Z] Checked if tokens are valid: true, expires at: 1760872045402
[debug] [2025-10-19T10:19:18.918Z] Checked if tokens are valid: true, expires at: 1760872045402
[debug] [2025-10-19T10:19:18.919Z] Checked if tokens are valid: true, expires at: 1760872045402
[debug] [2025-10-19T10:19:18.919Z] Checked if tokens are valid: true, expires at: 1760872045402
[debug] [2025-10-19T10:19:18.921Z] >>> [apiv2][query] GET https://serviceusage.googleapis.com/v1/projects/entrestate-ecosystem/services/ [none]
[debug] [2025-10-19T10:19:18.922Z] >>> [apiv2][(partial)header] GET https://serviceusage.googleapis.com/v1/projects/entrestate-ecosystem/services/ x-goog-quota-user=projects/entrestate-ecosystem
[debug] [2025-10-19T10:19:18.990Z] >>> [apiv2][query] GET https://serviceusage.googleapis.com/v1/projects/entrestate-ecosystem/services/firebasedataconnect.googleapis.com [none]
[debug] [2025-10-19T10:19:18.990Z] >>> [apiv2][(partial)header] GET https://serviceusage.googleapis.com/v1/projects/entrestate-ecosystem/services/firebasedataconnect.googleapis.com x-goog-quota-user=projects/entrestate-ecosystem
[debug] [2025-10-19T10:19:18.994Z] >>> [apiv2][query] GET https://serviceusage.googleapis.com/v1/projects/entrestate-ecosystem/services/firebasecrashlytics.googleapis.com [none]
[debug] [2025-10-19T10:19:18.994Z] >>> [apiv2][(partial)header] GET https://serviceusage.googleapis.com/v1/projects/entrestate-ecosystem/services/firebasecrashlytics.googleapis.com x-goog-quota-user=projects/entrestate-ecosystem
[debug] [2025-10-19T10:19:18.997Z] >>> [apiv2][query] GET https://serviceusage.googleapis.com/v1/projects/entrestate-ecosystem/services/firebaseio.com [none]
[debug] [2025-10-19T10:19:18.997Z] >>> [apiv2][(partial)header] GET https://serviceusage.googleapis.com/v1/projects/entrestate-ecosystem/services/firebaseio.com x-goog-quota-user=projects/entrestate-ecosystem
[error] Failed to fetch Firebase Project from Studio Workspace because WORKSPACE_SLUG environment variable is empty
[error] Failed to fetch Firebase Project from Studio Workspace because WORKSPACE_SLUG environment variable is empty
[debug] [2025-10-19T10:19:19.075Z] Checked if tokens are valid: true, expires at: 1760872045402
[debug] [2025-10-19T10:19:19.075Z] Checked if tokens are valid: true, expires at: 1760872045402
[debug] [2025-10-19T10:19:19.075Z] Checked if tokens are valid: true, expires at: 1760872045402
[debug] [2025-10-19T10:19:19.076Z] Checked if tokens are valid: true, expires at: 1760872045402
[debug] [2025-10-19T10:19:19.076Z] Checked if tokens are valid: true, expires at: 1760872045402
[debug] [2025-10-19T10:19:19.076Z] Checked if tokens are valid: true, expires at: 1760872045402
[debug] [2025-10-19T10:19:19.076Z] Checked if tokens are valid: true, expires at: 1760872045402
[debug] [2025-10-19T10:19:19.077Z] Checked if tokens are valid: true, expires at: 1760872045402
[debug] [2025-10-19T10:19:19.077Z] >>> [apiv2][query] GET https://serviceusage.googleapis.com/v1/projects/entrestate-ecosystem/services/ [none]
[debug] [2025-10-19T10:19:19.077Z] >>> [apiv2][(partial)header] GET https://serviceusage.googleapis.com/v1/projects/entrestate-ecosystem/services/ x-goog-quota-user=projects/entrestate-ecosystem
[debug] [2025-10-19T10:19:19.079Z] >>> [apiv2][query] GET https://serviceusage.googleapis.com/v1/projects/entrestate-ecosystem/services/firebasedataconnect.googleapis.com [none]
[debug] [2025-10-19T10:19:19.079Z] >>> [apiv2][(partial)header] GET https://serviceusage.googleapis.com/v1/projects/entrestate-ecosystem/services/firebasedataconnect.googleapis.com x-goog-quota-user=projects/entrestate-ecosystem
[debug] [2025-10-19T10:19:19.081Z] >>> [apiv2][query] GET https://serviceusage.googleapis.com/v1/projects/entrestate-ecosystem/services/firebasecrashlytics.googleapis.com [none]
[debug] [2025-10-19T10:19:19.081Z] >>> [apiv2][(partial)header] GET https://serviceusage.googleapis.com/v1/projects/entrestate-ecosystem/services/firebasecrashlytics.googleapis.com x-goog-quota-user=projects/entrestate-ecosystem
[debug] [2025-10-19T10:19:19.083Z] >>> [apiv2][query] GET https://serviceusage.googleapis.com/v1/projects/entrestate-ecosystem/services/firebaseio.com [none]
[debug] [2025-10-19T10:19:19.083Z] >>> [apiv2][(partial)header] GET https://serviceusage.googleapis.com/v1/projects/entrestate-ecosystem/services/firebaseio.com x-goog-quota-user=projects/entrestate-ecosystem
[debug] [2025-10-19T10:19:19.738Z] <<< [apiv2][status] GET https://serviceusage.googleapis.com/v1/projects/entrestate-ecosystem/services/firebaseio.com 403
[debug] [2025-10-19T10:19:19.738Z] <<< [apiv2][body] GET https://serviceusage.googleapis.com/v1/projects/entrestate-ecosystem/services/firebaseio.com [omitted]
[debug] [2025-10-19T10:19:19.796Z] <<< [apiv2][status] GET https://serviceusage.googleapis.com/v1/projects/entrestate-ecosystem/services/firebaseio.com 403
[debug] [2025-10-19T10:19:19.796Z] <<< [apiv2][body] GET https://serviceusage.googleapis.com/v1/projects/entrestate-ecosystem/services/firebaseio.com [omitted]
[debug] [2025-10-19T10:19:19.863Z] <<< [apiv2][status] GET https://serviceusage.googleapis.com/v1/projects/entrestate-ecosystem/services/firebasecrashlytics.googleapis.com 200
[debug] [2025-10-19T10:19:19.863Z] <<< [apiv2][body] GET https://serviceusage.googleapis.com/v1/projects/entrestate-ecosystem/services/firebasecrashlytics.googleapis.com [omitted]
[debug] [2025-10-19T10:19:19.882Z] <<< [apiv2][status] GET https://serviceusage.googleapis.com/v1/projects/entrestate-ecosystem/services/firebasedataconnect.googleapis.com 200
[debug] [2025-10-19T10:19:19.884Z] <<< [apiv2][body] GET https://serviceusage.googleapis.com/v1/projects/entrestate-ecosystem/services/firebasedataconnect.googleapis.com [omitted]
[debug] [2025-10-19T10:19:19.903Z] <<< [apiv2][status] GET https://serviceusage.googleapis.com/v1/projects/entrestate-ecosystem/services/firebasedataconnect.googleapis.com 200
[debug] [2025-10-19T10:19:19.904Z] <<< [apiv2][body] GET https://serviceusage.googleapis.com/v1/projects/entrestate-ecosystem/services/firebasedataconnect.googleapis.com [omitted]
[debug] [2025-10-19T10:19:19.944Z] <<< [apiv2][status] GET https://serviceusage.googleapis.com/v1/projects/entrestate-ecosystem/services/firebasecrashlytics.googleapis.com 200
[debug] [2025-10-19T10:19:19.945Z] <<< [apiv2][body] GET https://serviceusage.googleapis.com/v1/projects/entrestate-ecosystem/services/firebasecrashlytics.googleapis.com [omitted]
[debug] [2025-10-19T10:19:20.005Z] <<< [apiv2][status] GET https://serviceusage.googleapis.com/v1/projects/entrestate-ecosystem/services/ 200
[debug] [2025-10-19T10:19:20.006Z] <<< [apiv2][body] GET https://serviceusage.googleapis.com/v1/projects/entrestate-ecosystem/services/ [omitted]
[debug] [2025-10-19T10:19:20.158Z] <<< [apiv2][status] GET https://serviceusage.googleapis.com/v1/projects/entrestate-ecosystem/services/ 200
[debug] [2025-10-19T10:19:20.158Z] <<< [apiv2][body] GET https://serviceusage.googleapis.com/v1/projects/entrestate-ecosystem/services/ [omitted]
[error] Failed to fetch Firebase Project from Studio Workspace because WORKSPACE_SLUG environment variable is empty
[error] Failed to fetch Firebase Project from Studio Workspace because WORKSPACE_SLUG environment variable is empty
[debug] [2025-10-19T10:19:20.187Z] > command requires scopes: ["email","openid","https://www.googleapis.com/auth/cloudplatformprojects.readonly","https://www.googleapis.com/auth/firebase","https://www.googleapis.com/auth/cloud-platform","https://www.googleapis.com/auth/userinfo.email"]
[debug] [2025-10-19T10:19:20.192Z] > authorizing via signed-in user (ezz@entrestate.com)
[error] Failed to fetch Firebase Project from Studio Workspace because WORKSPACE_SLUG environment variable is empty
[error] Failed to fetch Firebase Project from Studio Workspace because WORKSPACE_SLUG environment variable is empty
[error] Failed to fetch Firebase Project from Studio Workspace because WORKSPACE_SLUG environment variable is empty
[debug] [2025-10-19T10:19:20.243Z] > command requires scopes: ["email","openid","https://www.googleapis.com/auth/cloudplatformprojects.readonly","https://www.googleapis.com/auth/firebase","https://www.googleapis.com/auth/cloud-platform","https://www.googleapis.com/auth/userinfo.email"]
[debug] [2025-10-19T10:19:20.248Z] > authorizing via signed-in user (ezz@entrestate.com)
[error] Failed to fetch Firebase Project from Studio Workspace because WORKSPACE_SLUG environment variable is empty
[debug] [2025-10-19T10:19:20.277Z] > command requires scopes: ["email","openid","https://www.googleapis.com/auth/cloudplatformprojects.readonly","https://www.googleapis.com/auth/firebase","https://www.googleapis.com/auth/cloud-platform","https://www.googleapis.com/auth/userinfo.email"]
[debug] [2025-10-19T10:19:20.277Z] > authorizing via signed-in user (ezz@entrestate.com)
[error] Failed to fetch Firebase Project from Studio Workspace because WORKSPACE_SLUG environment variable is empty
[error] Failed to fetch Firebase Project from Studio Workspace because WORKSPACE_SLUG environment variable is empty
[debug] [2025-10-19T10:50:09.443Z] Checked if tokens are valid: true, expires at: 1760872045402
[debug] [2025-10-19T10:50:09.443Z] Checked if tokens are valid: true, expires at: 1760872045402
[debug] [2025-10-19T10:50:09.444Z] Checked if tokens are valid: true, expires at: 1760872045402
[debug] [2025-10-19T10:50:09.444Z] Checked if tokens are valid: true, expires at: 1760872045402
[debug] [2025-10-19T10:50:09.445Z] Checked if tokens are valid: true, expires at: 1760872045402
[debug] [2025-10-19T10:50:09.446Z] Checked if tokens are valid: true, expires at: 1760872045402
[debug] [2025-10-19T10:50:09.446Z] Checked if tokens are valid: true, expires at: 1760872045402
[debug] [2025-10-19T10:50:09.447Z] Checked if tokens are valid: true, expires at: 1760872045402
[debug] [2025-10-19T10:50:09.448Z] >>> [apiv2][query] GET https://serviceusage.googleapis.com/v1/projects/entrestate-ecosystem/services/ [none]
[debug] [2025-10-19T10:50:09.449Z] >>> [apiv2][(partial)header] GET https://serviceusage.googleapis.com/v1/projects/entrestate-ecosystem/services/ x-goog-quota-user=projects/entrestate-ecosystem
[debug] [2025-10-19T10:50:09.603Z] >>> [apiv2][query] GET https://serviceusage.googleapis.com/v1/projects/entrestate-ecosystem/services/firebasedataconnect.googleapis.com [none]
[debug] [2025-10-19T10:50:09.604Z] >>> [apiv2][(partial)header] GET https://serviceusage.googleapis.com/v1/projects/entrestate-ecosystem/services/firebasedataconnect.googleapis.com x-goog-quota-user=projects/entrestate-ecosystem
[debug] [2025-10-19T10:50:09.610Z] >>> [apiv2][query] GET https://serviceusage.googleapis.com/v1/projects/entrestate-ecosystem/services/firebasecrashlytics.googleapis.com [none]
[debug] [2025-10-19T10:50:09.611Z] >>> [apiv2][(partial)header] GET https://serviceusage.googleapis.com/v1/projects/entrestate-ecosystem/services/firebasecrashlytics.googleapis.com x-goog-quota-user=projects/entrestate-ecosystem
[debug] [2025-10-19T10:50:09.615Z] >>> [apiv2][query] GET https://serviceusage.googleapis.com/v1/projects/entrestate-ecosystem/services/firebaseio.com [none]
[debug] [2025-10-19T10:50:09.615Z] >>> [apiv2][(partial)header] GET https://serviceusage.googleapis.com/v1/projects/entrestate-ecosystem/services/firebaseio.com x-goog-quota-user=projects/entrestate-ecosystem
[error] Failed to fetch Firebase Project from Studio Workspace because WORKSPACE_SLUG environment variable is empty
[error] Failed to fetch Firebase Project from Studio Workspace because WORKSPACE_SLUG environment variable is empty
[debug] [2025-10-19T10:50:09.737Z] Checked if tokens are valid: true, expires at: 1760872045402
[debug] [2025-10-19T10:50:09.737Z] Checked if tokens are valid: true, expires at: 1760872045402
[debug] [2025-10-19T10:50:09.738Z] Checked if tokens are valid: true, expires at: 1760872045402
[debug] [2025-10-19T10:50:09.739Z] Checked if tokens are valid: true, expires at: 1760872045402
[debug] [2025-10-19T10:50:09.742Z] Checked if tokens are valid: true, expires at: 1760872045402
[debug] [2025-10-19T10:50:09.742Z] Checked if tokens are valid: true, expires at: 1760872045402
[debug] [2025-10-19T10:50:09.743Z] Checked if tokens are valid: true, expires at: 1760872045402
[debug] [2025-10-19T10:50:09.744Z] Checked if tokens are valid: true, expires at: 1760872045402
[debug] [2025-10-19T10:50:09.745Z] >>> [apiv2][query] GET https://serviceusage.googleapis.com/v1/projects/entrestate-ecosystem/services/ [none]
[debug] [2025-10-19T10:50:09.745Z] >>> [apiv2][(partial)header] GET https://serviceusage.googleapis.com/v1/projects/entrestate-ecosystem/services/ x-goog-quota-user=projects/entrestate-ecosystem
[debug] [2025-10-19T10:50:09.748Z] >>> [apiv2][query] GET https://serviceusage.googleapis.com/v1/projects/entrestate-ecosystem/services/firebasedataconnect.googleapis.com [none]
[debug] [2025-10-19T10:50:09.748Z] >>> [apiv2][(partial)header] GET https://serviceusage.googleapis.com/v1/projects/entrestate-ecosystem/services/firebasedataconnect.googleapis.com x-goog-quota-user=projects/entrestate-ecosystem
[debug] [2025-10-19T10:50:09.751Z] >>> [apiv2][query] GET https://serviceusage.googleapis.com/v1/projects/entrestate-ecosystem/services/firebasecrashlytics.googleapis.com [none]
[debug] [2025-10-19T10:50:09.752Z] >>> [apiv2][(partial)header] GET https://serviceusage.googleapis.com/v1/projects/entrestate-ecosystem/services/firebasecrashlytics.googleapis.com x-goog-quota-user=projects/entrestate-ecosystem
[debug] [2025-10-19T10:50:09.754Z] >>> [apiv2][query] GET https://serviceusage.googleapis.com/v1/projects/entrestate-ecosystem/services/firebaseio.com [none]
[debug] [2025-10-19T10:50:09.754Z] >>> [apiv2][(partial)header] GET https://serviceusage.googleapis.com/v1/projects/entrestate-ecosystem/services/firebaseio.com x-goog-quota-user=projects/entrestate-ecosystem
[debug] [2025-10-19T10:50:10.428Z] <<< [apiv2][status] GET https://serviceusage.googleapis.com/v1/projects/entrestate-ecosystem/services/firebaseio.com 403
[debug] [2025-10-19T10:50:10.429Z] <<< [apiv2][body] GET https://serviceusage.googleapis.com/v1/projects/entrestate-ecosystem/services/firebaseio.com [omitted]
[debug] [2025-10-19T10:50:10.475Z] <<< [apiv2][status] GET https://serviceusage.googleapis.com/v1/projects/entrestate-ecosystem/services/firebaseio.com 403
[debug] [2025-10-19T10:50:10.475Z] <<< [apiv2][body] GET https://serviceusage.googleapis.com/v1/projects/entrestate-ecosystem/services/firebaseio.com [omitted]
[debug] [2025-10-19T10:50:10.542Z] <<< [apiv2][status] GET https://serviceusage.googleapis.com/v1/projects/entrestate-ecosystem/services/firebasecrashlytics.googleapis.com 200
[debug] [2025-10-19T10:50:10.546Z] <<< [apiv2][body] GET https://serviceusage.googleapis.com/v1/projects/entrestate-ecosystem/services/firebasecrashlytics.googleapis.com [omitted]
[debug] [2025-10-19T10:50:10.552Z] <<< [apiv2][status] GET https://serviceusage.googleapis.com/v1/projects/entrestate-ecosystem/services/firebasedataconnect.googleapis.com 200
[debug] [2025-10-19T10:50:10.552Z] <<< [apiv2][body] GET https://serviceusage.googleapis.com/v1/projects/entrestate-ecosystem/services/firebasedataconnect.googleapis.com [omitted]
[debug] [2025-10-19T10:50:10.617Z] <<< [apiv2][status] GET https://serviceusage.googleapis.com/v1/projects/entrestate-ecosystem/services/firebasecrashlytics.googleapis.com 200
[debug] [2025-10-19T10:50:10.617Z] <<< [apiv2][body] GET https://serviceusage.googleapis.com/v1/projects/entrestate-ecosystem/services/firebasecrashlytics.googleapis.com [omitted]
[debug] [2025-10-19T10:50:10.623Z] <<< [apiv2][status] GET https://serviceusage.googleapis.com/v1/projects/entrestate-ecosystem/services/firebasedataconnect.googleapis.com 200
[debug] [2025-10-19T10:50:10.624Z] <<< [apiv2][body] GET https://serviceusage.googleapis.com/v1/projects/entrestate-ecosystem/services/firebasedataconnect.googleapis.com [omitted]
[debug] [2025-10-19T10:50:10.732Z] <<< [apiv2][status] GET https://serviceusage.googleapis.com/v1/projects/entrestate-ecosystem/services/ 200
[debug] [2025-10-19T10:50:10.736Z] <<< [apiv2][body] GET https://serviceusage.googleapis.com/v1/projects/entrestate-ecosystem/services/ [omitted]
[debug] [2025-10-19T10:50:10.757Z] <<< [apiv2][status] GET https://serviceusage.googleapis.com/v1/projects/entrestate-ecosystem/services/ 200
[debug] [2025-10-19T10:50:10.758Z] <<< [apiv2][body] GET https://serviceusage.googleapis.com/v1/projects/entrestate-ecosystem/services/ [omitted]
[error] Failed to fetch Firebase Project from Studio Workspace because WORKSPACE_SLUG environment variable is empty
[error] Failed to fetch Firebase Project from Studio Workspace because WORKSPACE_SLUG environment variable is empty
[debug] [2025-10-19T10:50:10.786Z] > command requires scopes: ["email","openid","https://www.googleapis.com/auth/cloudplatformprojects.readonly","https://www.googleapis.com/auth/firebase","https://www.googleapis.com/auth/cloud-platform","https://www.googleapis.com/auth/userinfo.email"]
[debug] [2025-10-19T10:50:10.791Z] > authorizing via signed-in user (ezz@entrestate.com)
[error] Failed to fetch Firebase Project from Studio Workspace because WORKSPACE_SLUG environment variable is empty
[error] Failed to fetch Firebase Project from Studio Workspace because WORKSPACE_SLUG environment variable is empty
[error] Failed to fetch Firebase Project from Studio Workspace because WORKSPACE_SLUG environment variable is empty
[debug] [2025-10-19T10:50:10.844Z] > command requires scopes: ["email","openid","https://www.googleapis.com/auth/cloudplatformprojects.readonly","https://www.googleapis.com/auth/firebase","https://www.googleapis.com/auth/cloud-platform","https://www.googleapis.com/auth/userinfo.email"]
[debug] [2025-10-19T10:50:10.844Z] > authorizing via signed-in user (ezz@entrestate.com)
[error] Failed to fetch Firebase Project from Studio Workspace because WORKSPACE_SLUG environment variable is empty
[debug] [2025-10-19T10:50:10.880Z] > command requires scopes: ["email","openid","https://www.googleapis.com/auth/cloudplatformprojects.readonly","https://www.googleapis.com/auth/firebase","https://www.googleapis.com/auth/cloud-platform","https://www.googleapis.com/auth/userinfo.email"]
[debug] [2025-10-19T10:50:10.880Z] > authorizing via signed-in user (ezz@entrestate.com)
[error] Failed to fetch Firebase Project from Studio Workspace because WORKSPACE_SLUG environment variable is empty
[error] Failed to fetch Firebase Project from Studio Workspace because WORKSPACE_SLUG environment variable is empty
[debug] [2025-10-19T12:53:10.088Z] Checked if tokens are valid: false, expires at: 1760872045402
[debug] [2025-10-19T12:53:10.102Z] Checked if tokens are valid: false, expires at: 1760872045402
[debug] [2025-10-19T12:53:10.103Z] > refreshing access token with scopes: []
[debug] [2025-10-19T12:53:10.189Z] >>> [apiv2][query] POST https://www.googleapis.com/oauth2/v3/token [none]
[debug] [2025-10-19T12:53:10.204Z] >>> [apiv2][body] POST https://www.googleapis.com/oauth2/v3/token [omitted]
[debug] [2025-10-19T12:53:10.975Z] Checked if tokens are valid: false, expires at: 1760872045402
[debug] [2025-10-19T12:53:10.976Z] Checked if tokens are valid: false, expires at: 1760872045402
[debug] [2025-10-19T12:53:10.976Z] > refreshing access token with scopes: []
[debug] [2025-10-19T12:53:10.977Z] >>> [apiv2][query] POST https://www.googleapis.com/oauth2/v3/token [none]
[debug] [2025-10-19T12:53:10.978Z] >>> [apiv2][body] POST https://www.googleapis.com/oauth2/v3/token [omitted]
[debug] [2025-10-19T12:53:10.987Z] Checked if tokens are valid: false, expires at: 1760872045402
[debug] [2025-10-19T12:53:10.988Z] Checked if tokens are valid: false, expires at: 1760872045402
[debug] [2025-10-19T12:53:10.988Z] > refreshing access token with scopes: []
[debug] [2025-10-19T12:53:10.993Z] >>> [apiv2][query] POST https://www.googleapis.com/oauth2/v3/token [none]
[debug] [2025-10-19T12:53:10.994Z] >>> [apiv2][body] POST https://www.googleapis.com/oauth2/v3/token [omitted]
[debug] [2025-10-19T12:53:11.001Z] Checked if tokens are valid: false, expires at: 1760872045402
[debug] [2025-10-19T12:53:11.001Z] Checked if tokens are valid: false, expires at: 1760872045402
[debug] [2025-10-19T12:53:11.002Z] > refreshing access token with scopes: []
[debug] [2025-10-19T12:53:11.002Z] >>> [apiv2][query] POST https://www.googleapis.com/oauth2/v3/token [none]
[debug] [2025-10-19T12:53:11.002Z] >>> [apiv2][body] POST https://www.googleapis.com/oauth2/v3/token [omitted]
[debug] [2025-10-19T12:53:11.707Z] <<< [apiv2][status] POST https://www.googleapis.com/oauth2/v3/token 200
[debug] [2025-10-19T12:53:11.710Z] <<< [apiv2][body] POST https://www.googleapis.com/oauth2/v3/token [omitted]
[debug] [2025-10-19T12:53:11.771Z] >>> [apiv2][query] GET https://serviceusage.googleapis.com/v1/projects/entrestate-ecosystem/services/ [none]
[debug] [2025-10-19T12:53:11.772Z] >>> [apiv2][(partial)header] GET https://serviceusage.googleapis.com/v1/projects/entrestate-ecosystem/services/ x-goog-quota-user=projects/entrestate-ecosystem
[debug] [2025-10-19T12:53:11.800Z] <<< [apiv2][status] POST https://www.googleapis.com/oauth2/v3/token 200
[debug] [2025-10-19T12:53:11.801Z] <<< [apiv2][body] POST https://www.googleapis.com/oauth2/v3/token [omitted]
[debug] [2025-10-19T12:53:11.828Z] >>> [apiv2][query] GET https://serviceusage.googleapis.com/v1/projects/entrestate-ecosystem/services/firebaseio.com [none]
[debug] [2025-10-19T12:53:11.828Z] >>> [apiv2][(partial)header] GET https://serviceusage.googleapis.com/v1/projects/entrestate-ecosystem/services/firebaseio.com x-goog-quota-user=projects/entrestate-ecosystem
[debug] [2025-10-19T12:53:11.855Z] <<< [apiv2][status] POST https://www.googleapis.com/oauth2/v3/token 200
[debug] [2025-10-19T12:53:11.856Z] <<< [apiv2][body] POST https://www.googleapis.com/oauth2/v3/token [omitted]
[debug] [2025-10-19T12:53:11.877Z] >>> [apiv2][query] GET https://serviceusage.googleapis.com/v1/projects/entrestate-ecosystem/services/firebasedataconnect.googleapis.com [none]
[debug] [2025-10-19T12:53:11.877Z] >>> [apiv2][(partial)header] GET https://serviceusage.googleapis.com/v1/projects/entrestate-ecosystem/services/firebasedataconnect.googleapis.com x-goog-quota-user=projects/entrestate-ecosystem
[debug] [2025-10-19T12:53:11.945Z] <<< [apiv2][status] POST https://www.googleapis.com/oauth2/v3/token 200
[debug] [2025-10-19T12:53:11.948Z] <<< [apiv2][body] POST https://www.googleapis.com/oauth2/v3/token [omitted]
[debug] [2025-10-19T12:53:11.974Z] >>> [apiv2][query] GET https://serviceusage.googleapis.com/v1/projects/entrestate-ecosystem/services/firebasecrashlytics.googleapis.com [none]
[debug] [2025-10-19T12:53:11.975Z] >>> [apiv2][(partial)header] GET https://serviceusage.googleapis.com/v1/projects/entrestate-ecosystem/services/firebasecrashlytics.googleapis.com x-goog-quota-user=projects/entrestate-ecosystem
[error] Failed to fetch Firebase Project from Studio Workspace because WORKSPACE_SLUG environment variable is empty
[error] Failed to fetch Firebase Project from Studio Workspace because WORKSPACE_SLUG environment variable is empty
[debug] [2025-10-19T12:53:12.159Z] Checked if tokens are valid: true, expires at: 1760881990948
[debug] [2025-10-19T12:53:12.166Z] Checked if tokens are valid: true, expires at: 1760881990948
[debug] [2025-10-19T12:53:12.180Z] Checked if tokens are valid: true, expires at: 1760881990948
[debug] [2025-10-19T12:53:12.181Z] Checked if tokens are valid: true, expires at: 1760881990948
[debug] [2025-10-19T12:53:12.185Z] Checked if tokens are valid: true, expires at: 1760881990948
[debug] [2025-10-19T12:53:12.189Z] Checked if tokens are valid: true, expires at: 1760881990948
[debug] [2025-10-19T12:53:12.194Z] Checked if tokens are valid: true, expires at: 1760881990948
[debug] [2025-10-19T12:53:12.194Z] Checked if tokens are valid: true, expires at: 1760881990948
[debug] [2025-10-19T12:53:12.196Z] >>> [apiv2][query] GET https://serviceusage.googleapis.com/v1/projects/entrestate-ecosystem/services/ [none]
[debug] [2025-10-19T12:53:12.196Z] >>> [apiv2][(partial)header] GET https://serviceusage.googleapis.com/v1/projects/entrestate-ecosystem/services/ x-goog-quota-user=projects/entrestate-ecosystem
[debug] [2025-10-19T12:53:12.209Z] >>> [apiv2][query] GET https://serviceusage.googleapis.com/v1/projects/entrestate-ecosystem/services/firebasedataconnect.googleapis.com [none]
[debug] [2025-10-19T12:53:12.213Z] >>> [apiv2][(partial)header] GET https://serviceusage.googleapis.com/v1/projects/entrestate-ecosystem/services/firebasedataconnect.googleapis.com x-goog-quota-user=projects/entrestate-ecosystem
[debug] [2025-10-19T12:53:12.227Z] >>> [apiv2][query] GET https://serviceusage.googleapis.com/v1/projects/entrestate-ecosystem/services/firebasecrashlytics.googleapis.com [none]
[debug] [2025-10-19T12:53:12.228Z] >>> [apiv2][(partial)header] GET https://serviceusage.googleapis.com/v1/projects/entrestate-ecosystem/services/firebasecrashlytics.googleapis.com x-goog-quota-user=projects/entrestate-ecosystem
[debug] [2025-10-19T12:53:12.235Z] >>> [apiv2][query] GET https://serviceusage.googleapis.com/v1/projects/entrestate-ecosystem/services/firebaseio.com [none]
[debug] [2025-10-19T12:53:12.236Z] >>> [apiv2][(partial)header] GET https://serviceusage.googleapis.com/v1/projects/entrestate-ecosystem/services/firebaseio.com x-goog-quota-user=projects/entrestate-ecosystem
[debug] [2025-10-19T12:53:12.730Z] <<< [apiv2][status] GET https://serviceusage.googleapis.com/v1/projects/entrestate-ecosystem/services/firebaseio.com 403
[debug] [2025-10-19T12:53:12.730Z] <<< [apiv2][body] GET https://serviceusage.googleapis.com/v1/projects/entrestate-ecosystem/services/firebaseio.com [omitted]
[debug] [2025-10-19T12:53:12.812Z] <<< [apiv2][status] GET https://serviceusage.googleapis.com/v1/projects/entrestate-ecosystem/services/firebasedataconnect.googleapis.com 200
[debug] [2025-10-19T12:53:12.815Z] <<< [apiv2][body] GET https://serviceusage.googleapis.com/v1/projects/entrestate-ecosystem/services/firebasedataconnect.googleapis.com [omitted]
[debug] [2025-10-19T12:53:12.840Z] <<< [apiv2][status] GET https://serviceusage.googleapis.com/v1/projects/entrestate-ecosystem/services/firebasecrashlytics.googleapis.com 200
[debug] [2025-10-19T12:53:12.841Z] <<< [apiv2][body] GET https://serviceusage.googleapis.com/v1/projects/entrestate-ecosystem/services/firebasecrashlytics.googleapis.com [omitted]
[debug] [2025-10-19T12:53:12.912Z] <<< [apiv2][status] GET https://serviceusage.googleapis.com/v1/projects/entrestate-ecosystem/services/ 200
[debug] [2025-10-19T12:53:12.914Z] <<< [apiv2][body] GET https://serviceusage.googleapis.com/v1/projects/entrestate-ecosystem/services/ [omitted]
[debug] [2025-10-19T12:53:12.957Z] <<< [apiv2][status] GET https://serviceusage.googleapis.com/v1/projects/entrestate-ecosystem/services/firebasecrashlytics.googleapis.com 200
[debug] [2025-10-19T12:53:12.958Z] <<< [apiv2][body] GET https://serviceusage.googleapis.com/v1/projects/entrestate-ecosystem/services/firebasecrashlytics.googleapis.com [omitted]
[debug] [2025-10-19T12:53:13.308Z] <<< [apiv2][status] GET https://serviceusage.googleapis.com/v1/projects/entrestate-ecosystem/services/firebaseio.com 403
[debug] [2025-10-19T12:53:13.313Z] <<< [apiv2][body] GET https://serviceusage.googleapis.com/v1/projects/entrestate-ecosystem/services/firebaseio.com [omitted]
[debug] [2025-10-19T12:53:13.353Z] <<< [apiv2][status] GET https://serviceusage.googleapis.com/v1/projects/entrestate-ecosystem/services/firebasedataconnect.googleapis.com 200
[debug] [2025-10-19T12:53:13.353Z] <<< [apiv2][body] GET https://serviceusage.googleapis.com/v1/projects/entrestate-ecosystem/services/firebasedataconnect.googleapis.com [omitted]
[debug] [2025-10-19T12:53:13.699Z] <<< [apiv2][status] GET https://serviceusage.googleapis.com/v1/projects/entrestate-ecosystem/services/ 200
[debug] [2025-10-19T12:53:13.719Z] <<< [apiv2][body] GET https://serviceusage.googleapis.com/v1/projects/entrestate-ecosystem/services/ [omitted]
[error] Failed to fetch Firebase Project from Studio Workspace because WORKSPACE_SLUG environment variable is empty
[error] Failed to fetch Firebase Project from Studio Workspace because WORKSPACE_SLUG environment variable is empty
[debug] [2025-10-19T12:53:13.876Z] > command requires scopes: ["email","openid","https://www.googleapis.com/auth/cloudplatformprojects.readonly","https://www.googleapis.com/auth/firebase","https://www.googleapis.com/auth/cloud-platform","https://www.googleapis.com/auth/userinfo.email"]
[debug] [2025-10-19T12:53:13.885Z] > authorizing via signed-in user (ezz@entrestate.com)
[error] Failed to fetch Firebase Project from Studio Workspace because WORKSPACE_SLUG environment variable is empty
[error] Failed to fetch Firebase Project from Studio Workspace because WORKSPACE_SLUG environment variable is empty
[error] Failed to fetch Firebase Project from Studio Workspace because WORKSPACE_SLUG environment variable is empty
[debug] [2025-10-19T12:53:14.648Z] > command requires scopes: ["email","openid","https://www.googleapis.com/auth/cloudplatformprojects.readonly","https://www.googleapis.com/auth/firebase","https://www.googleapis.com/auth/cloud-platform","https://www.googleapis.com/auth/userinfo.email"]
[debug] [2025-10-19T12:53:14.648Z] > authorizing via signed-in user (ezz@entrestate.com)
[error] Failed to fetch Firebase Project from Studio Workspace because WORKSPACE_SLUG environment variable is empty
[debug] [2025-10-19T12:53:14.676Z] > command requires scopes: ["email","openid","https://www.googleapis.com/auth/cloudplatformprojects.readonly","https://www.googleapis.com/auth/firebase","https://www.googleapis.com/auth/cloud-platform","https://www.googleapis.com/auth/userinfo.email"]
[debug] [2025-10-19T12:53:14.676Z] > authorizing via signed-in user (ezz@entrestate.com)
